<?xml version="1.0" encoding="UTF-8"?>
<!-- Generated by org.testng.reporters.JUnitXMLReporter -->
<testsuite ignored="0" hostname="EXPLPT503" failures="1" tests="1" name="Validate Title Test" time="0.006" errors="0" timestamp="2023-05-22T17:02:47 IST">
  <testcase classname="testcases.TestCase2" name="validateTitle" time="0.003">
    <failure type="java.lang.AssertionError" message="The following asserts failed:
	expected [yahoo.com] but found [google.com],
	img not present expected [false] but found [true],
	text box not present expected [false] but found [true]">
      <![CDATA[java.lang.AssertionError: The following asserts failed:
expected [yahoo.com] but found [google.com],
img not present expected [false] but found [true],
text box not present expected [false] but found [true]
at testcases.TestCase2.validateTitle(TestCase2.java:40)
at java.base/java.util.ArrayList.forEach(ArrayList.java:1511)
... Removed 29 stack frames]]>
    </failure>
  </testcase> <!-- validateTitle -->
</testsuite> <!-- Validate Title Test -->
