<?xml version="1.0" encoding="UTF-8"?>
<!-- Generated by org.testng.reporters.JUnitXMLReporter -->
<testsuite ignored="0" hostname="EXPLPT503" failures="1" tests="1" name="Regression Validate Tilte Test" time="0.004" errors="0" timestamp="2023-05-22T15:32:33 IST">
  <testcase classname="regression.TestCase2" name="validateTitle" time="0.001">
    <failure type="java.lang.AssertionError" message="The following asserts failed:
	expected [yahoo.com] but found [google.com],
	img not present expected [false] but found [true],
	text box not present expected [false] but found [true]">
      <![CDATA[java.lang.AssertionError: The following asserts failed:
expected [yahoo.com] but found [google.com],
img not present expected [false] but found [true],
text box not present expected [false] but found [true]
at regression.TestCase2.validateTitle(TestCase2.java:40)
at java.base/java.util.ArrayList.forEach(ArrayList.java:1511)
... Removed 30 stack frames]]>
    </failure>
  </testcase> <!-- validateTitle -->
</testsuite> <!-- Regression Validate Tilte Test -->
